<?xml version="1.0" encoding="UTF-8"?>
<!-- Generated by org.testng.reporters.JUnitReportReporter -->
<testsuite skipped="0" hostname="KevindeMacBook-Air.local" name="NewTest" tests="1" failures="0" timestamp="31 三月 2019 07:53:34 GMT" time="1.179" errors="0">
  <testcase name="test" time="1.179" classname="NewTest"/>
</testsuite> <!-- NewTest -->
